2024-04-14T00:43:07.403+02:00  INFO 15624 --- [restartedMain] c.m.user.manager.Migralog2Application    : Starting Migralog2Application using Java 18.0.1.1 with PID 15624 (C:\Cosas\DAW\Programacion2ยบ\Migralog2\target\classes started by Orlando in C:\Cosas\DAW\Programacion2ยบ\Migralog2)
2024-04-14T00:43:07.413+02:00  INFO 15624 --- [restartedMain] c.m.user.manager.Migralog2Application    : No active profile set, falling back to 1 default profile: "default"
2024-04-14T00:43:07.473+02:00  INFO 15624 --- [restartedMain] .e.DevToolsPropertyDefaultsPostProcessor : Devtools property defaults active! Set 'spring.devtools.add-properties' to 'false' to disable
2024-04-14T00:43:07.474+02:00  INFO 15624 --- [restartedMain] .e.DevToolsPropertyDefaultsPostProcessor : For additional web related logging consider setting the 'logging.level.web' property to 'DEBUG'
2024-04-14T00:43:08.132+02:00  INFO 15624 --- [restartedMain] .s.d.r.c.RepositoryConfigurationDelegate : Bootstrapping Spring Data JPA repositories in DEFAULT mode.
2024-04-14T00:43:08.186+02:00  INFO 15624 --- [restartedMain] .s.d.r.c.RepositoryConfigurationDelegate : Finished Spring Data repository scanning in 46 ms. Found 3 JPA repository interfaces.
2024-04-14T00:43:08.690+02:00  INFO 15624 --- [restartedMain] o.s.b.w.embedded.tomcat.TomcatWebServer  : Tomcat initialized with port 8080 (http)
2024-04-14T00:43:08.702+02:00  INFO 15624 --- [restartedMain] o.apache.catalina.core.StandardService   : Starting service [Tomcat]
2024-04-14T00:43:08.702+02:00  INFO 15624 --- [restartedMain] o.apache.catalina.core.StandardEngine    : Starting Servlet engine: [Apache Tomcat/10.1.18]
2024-04-14T00:43:08.751+02:00  INFO 15624 --- [restartedMain] o.a.c.c.C.[Tomcat].[localhost].[/]       : Initializing Spring embedded WebApplicationContext
2024-04-14T00:43:08.751+02:00  INFO 15624 --- [restartedMain] w.s.c.ServletWebServerApplicationContext : Root WebApplicationContext: initialization completed in 1277 ms
2024-04-14T00:43:08.899+02:00  INFO 15624 --- [restartedMain] o.hibernate.jpa.internal.util.LogHelper  : HHH000204: Processing PersistenceUnitInfo [name: default]
2024-04-14T00:43:08.966+02:00  INFO 15624 --- [restartedMain] org.hibernate.Version                    : HHH000412: Hibernate ORM core version 6.4.1.Final
2024-04-14T00:43:08.996+02:00  INFO 15624 --- [restartedMain] o.h.c.internal.RegionFactoryInitiator    : HHH000026: Second-level cache disabled
2024-04-14T00:43:09.256+02:00  INFO 15624 --- [restartedMain] o.s.o.j.p.SpringPersistenceUnitInfo      : No LoadTimeWeaver setup: ignoring JPA class transformer
2024-04-14T00:43:09.286+02:00  INFO 15624 --- [restartedMain] com.zaxxer.hikari.HikariDataSource       : HikariPool-1 - Starting...
2024-04-14T00:43:09.452+02:00  INFO 15624 --- [restartedMain] com.zaxxer.hikari.pool.HikariPool        : HikariPool-1 - Added connection com.mysql.cj.jdbc.ConnectionImpl@7ffce7bb
2024-04-14T00:43:09.454+02:00  INFO 15624 --- [restartedMain] com.zaxxer.hikari.HikariDataSource       : HikariPool-1 - Start completed.
2024-04-14T00:43:09.479+02:00  WARN 15624 --- [restartedMain] org.hibernate.orm.deprecation            : HHH90000025: MySQL8Dialect does not need to be specified explicitly using 'hibernate.dialect' (remove the property setting and it will be selected by default)
2024-04-14T00:43:09.481+02:00  WARN 15624 --- [restartedMain] org.hibernate.orm.deprecation            : HHH90000026: MySQL8Dialect has been deprecated; use org.hibernate.dialect.MySQLDialect instead
2024-04-14T00:43:10.325+02:00  INFO 15624 --- [restartedMain] o.h.e.t.j.p.i.JtaPlatformInitiator       : HHH000489: No JTA platform available (set 'hibernate.transaction.jta.platform' to enable JTA platform integration)
2024-04-14T00:43:10.442+02:00  INFO 15624 --- [restartedMain] j.LocalContainerEntityManagerFactoryBean : Initialized JPA EntityManagerFactory for persistence unit 'default'
2024-04-14T00:43:10.757+02:00  INFO 15624 --- [restartedMain] o.s.d.j.r.query.QueryEnhancerFactory     : Hibernate is in classpath; If applicable, HQL parser will be used.
2024-04-14T00:43:11.170+02:00  WARN 15624 --- [restartedMain] JpaBaseConfiguration$JpaWebConfiguration : spring.jpa.open-in-view is enabled by default. Therefore, database queries may be performed during view rendering. Explicitly configure spring.jpa.open-in-view to disable this warning
2024-04-14T00:43:11.462+02:00  INFO 15624 --- [restartedMain] o.s.b.d.a.OptionalLiveReloadServer       : LiveReload server is running on port 35729
2024-04-14T00:43:11.499+02:00  INFO 15624 --- [restartedMain] o.s.b.w.embedded.tomcat.TomcatWebServer  : Tomcat started on port 8080 (http) with context path ''
2024-04-14T00:43:11.507+02:00  INFO 15624 --- [restartedMain] c.m.user.manager.Migralog2Application    : Started Migralog2Application in 4.58 seconds (process running for 5.561)
2024-04-14T00:43:43.044+02:00  INFO 15624 --- [http-nio-8080-exec-1] o.a.c.c.C.[Tomcat].[localhost].[/]       : Initializing Spring DispatcherServlet 'dispatcherServlet'
2024-04-14T00:43:43.044+02:00  INFO 15624 --- [http-nio-8080-exec-1] o.s.web.servlet.DispatcherServlet        : Initializing Servlet 'dispatcherServlet'
2024-04-14T00:43:43.057+02:00  INFO 15624 --- [http-nio-8080-exec-1] o.s.web.servlet.DispatcherServlet        : Completed initialization in 13 ms
